<?xml version="1.0" encoding="UTF-8"?>
<testng-results ignored="0" total="2" passed="1" failed="1" skipped="0">
  <reporter-output>
    <line>
      <![CDATA[Launching browser...]]>
    </line>
    <line>
      <![CDATA[Reading urlfrom property file...]]>
    </line>
    <line>
      <![CDATA[Reading moNumberfrom property file...]]>
    </line>
    <line>
      <![CDATA[Waiting for 1000ms]]>
    </line>
    <line>
      <![CDATA[Entering mobile number...]]>
    </line>
    <line>
      <![CDATA[Waiting for 1000ms]]>
    </line>
    <line>
      <![CDATA[Clicking on signIn button...]]>
    </line>
    <line>
      <![CDATA[Waiting for 3000ms]]>
    </line>
    <line>
      <![CDATA[Reading passwordfrom property file...]]>
    </line>
    <line>
      <![CDATA[Waiting for 2000ms]]>
    </line>
    <line>
      <![CDATA[Entering password ...]]>
    </line>
    <line>
      <![CDATA[Clicking on submit button...]]>
    </line>
    <line>
      <![CDATA[Handling popup...]]>
    </line>
    <line>
      <![CDATA[Waiting for 1000ms]]>
    </line>
    <line>
      <![CDATA[Clicking on OK button...]]>
    </line>
    <line>
      <![CDATA[Waiting for 1000ms]]>
    </line>
    <line>
      <![CDATA[Clicking on Close button...]]>
    </line>
    <line>
      <![CDATA[Waiting for 1000ms]]>
    </line>
    <line>
      <![CDATA[getting account balnace...]]>
    </line>
    <line>
      <![CDATA[Account balnace is Rs.5,00,000.00]]>
    </line>
    <line>
      <![CDATA[taking screenshot ...]]>
    </line>
    <line>
      <![CDATA[Test Case validateAccountBalance Is Copmpleted Successfuly...]]>
    </line>
    <line>
      <![CDATA[Waiting for 2000ms]]>
    </line>
    <line>
      <![CDATA[Logging out...]]>
    </line>
    <line>
      <![CDATA[Reading moNumberfrom property file...]]>
    </line>
    <line>
      <![CDATA[Waiting for 1000ms]]>
    </line>
    <line>
      <![CDATA[Entering mobile number...]]>
    </line>
    <line>
      <![CDATA[Waiting for 1000ms]]>
    </line>
    <line>
      <![CDATA[Clicking on signIn button...]]>
    </line>
    <line>
      <![CDATA[Waiting for 3000ms]]>
    </line>
    <line>
      <![CDATA[Reading passwordfrom property file...]]>
    </line>
    <line>
      <![CDATA[Waiting for 2000ms]]>
    </line>
    <line>
      <![CDATA[Entering password ...]]>
    </line>
    <line>
      <![CDATA[Clicking on submit button...]]>
    </line>
    <line>
      <![CDATA[there is no popup...]]>
    </line>
    <line>
      <![CDATA[Waiting for 1000ms]]>
    </line>
    <line>
      <![CDATA[getting actual user name...]]>
    </line>
    <line>
      <![CDATA[Actual user name isHi Nitin gavale]]>
    </line>
    <line>
      <![CDATA[Reading userNamefrom property file...]]>
    </line>
    <line>
      <![CDATA[Test Case  validateUserName Is Failed Please try Again..]]>
    </line>
    <line>
      <![CDATA[taking screenshot ...]]>
    </line>
    <line>
      <![CDATA[Waiting for 2000ms]]>
    </line>
    <line>
      <![CDATA[Logging out...]]>
    </line>
    <line>
      <![CDATA[Closing browser...]]>
    </line>
  </reporter-output>
  <suite started-at="2022-12-03T13:05:50 IST" name="Default suite" finished-at="2022-12-03T13:06:45 IST" duration-ms="54664">
    <groups>
    </groups>
    <test started-at="2022-12-03T13:05:50 IST" name="Default test" finished-at="2022-12-03T13:06:45 IST" duration-ms="54664">
      <class name="neostoxTEST.Validation">
        <test-method is-config="true" signature="launchNeostox()[pri:0, instance:neostoxTEST.Validation@7bab3f1a]" started-at="2022-12-03T13:05:51 IST" name="launchNeostox" finished-at="2022-12-03T13:06:07 IST" duration-ms="16714" status="PASS">
          <reporter-output>
            <line>
              <![CDATA[Launching browser...]]>
            </line>
            <line>
              <![CDATA[Reading urlfrom property file...]]>
            </line>
          </reporter-output>
        </test-method> <!-- launchNeostox -->
        <test-method is-config="true" signature="loginNeostox()[pri:0, instance:neostoxTEST.Validation@7bab3f1a]" started-at="2022-12-03T13:06:07 IST" name="loginNeostox" finished-at="2022-12-03T13:06:28 IST" duration-ms="20414" status="PASS">
          <reporter-output>
            <line>
              <![CDATA[Reading moNumberfrom property file...]]>
            </line>
            <line>
              <![CDATA[Waiting for 1000ms]]>
            </line>
            <line>
              <![CDATA[Entering mobile number...]]>
            </line>
            <line>
              <![CDATA[Waiting for 1000ms]]>
            </line>
            <line>
              <![CDATA[Clicking on signIn button...]]>
            </line>
            <line>
              <![CDATA[Waiting for 3000ms]]>
            </line>
            <line>
              <![CDATA[Reading passwordfrom property file...]]>
            </line>
            <line>
              <![CDATA[Waiting for 2000ms]]>
            </line>
            <line>
              <![CDATA[Entering password ...]]>
            </line>
            <line>
              <![CDATA[Clicking on submit button...]]>
            </line>
            <line>
              <![CDATA[Handling popup...]]>
            </line>
            <line>
              <![CDATA[Waiting for 1000ms]]>
            </line>
            <line>
              <![CDATA[Clicking on OK button...]]>
            </line>
            <line>
              <![CDATA[Waiting for 1000ms]]>
            </line>
            <line>
              <![CDATA[Clicking on Close button...]]>
            </line>
          </reporter-output>
        </test-method> <!-- loginNeostox -->
        <test-method signature="validateAccountBalance()[pri:0, instance:neostoxTEST.Validation@7bab3f1a]" started-at="2022-12-03T13:06:28 IST" name="validateAccountBalance" finished-at="2022-12-03T13:06:29 IST" duration-ms="884" status="PASS">
          <reporter-output>
            <line>
              <![CDATA[Waiting for 1000ms]]>
            </line>
            <line>
              <![CDATA[getting account balnace...]]>
            </line>
            <line>
              <![CDATA[Account balnace is Rs.5,00,000.00]]>
            </line>
            <line>
              <![CDATA[taking screenshot ...]]>
            </line>
            <line>
              <![CDATA[Test Case validateAccountBalance Is Copmpleted Successfuly...]]>
            </line>
          </reporter-output>
        </test-method> <!-- validateAccountBalance -->
        <test-method is-config="true" signature="logOut()[pri:0, instance:neostoxTEST.Validation@7bab3f1a]" started-at="2022-12-03T13:06:29 IST" name="logOut" finished-at="2022-12-03T13:06:29 IST" duration-ms="236" status="PASS">
          <reporter-output>
            <line>
              <![CDATA[Waiting for 2000ms]]>
            </line>
            <line>
              <![CDATA[Logging out...]]>
            </line>
          </reporter-output>
        </test-method> <!-- logOut -->
        <test-method is-config="true" signature="loginNeostox()[pri:0, instance:neostoxTEST.Validation@7bab3f1a]" started-at="2022-12-03T13:06:29 IST" name="loginNeostox" finished-at="2022-12-03T13:06:43 IST" duration-ms="14044" status="PASS">
          <reporter-output>
            <line>
              <![CDATA[Reading moNumberfrom property file...]]>
            </line>
            <line>
              <![CDATA[Waiting for 1000ms]]>
            </line>
            <line>
              <![CDATA[Entering mobile number...]]>
            </line>
            <line>
              <![CDATA[Waiting for 1000ms]]>
            </line>
            <line>
              <![CDATA[Clicking on signIn button...]]>
            </line>
            <line>
              <![CDATA[Waiting for 3000ms]]>
            </line>
            <line>
              <![CDATA[Reading passwordfrom property file...]]>
            </line>
            <line>
              <![CDATA[Waiting for 2000ms]]>
            </line>
            <line>
              <![CDATA[Entering password ...]]>
            </line>
            <line>
              <![CDATA[Clicking on submit button...]]>
            </line>
            <line>
              <![CDATA[there is no popup...]]>
            </line>
          </reporter-output>
        </test-method> <!-- loginNeostox -->
        <test-method signature="validateUserName()[pri:0, instance:neostoxTEST.Validation@7bab3f1a]" started-at="2022-12-03T13:06:43 IST" name="validateUserName" finished-at="2022-12-03T13:06:43 IST" duration-ms="48" status="FAIL">
          <exception class="java.lang.AssertionError">
            <message>
              <![CDATA[ Actual and Expected user name are not matched TC is failled  expected [Hi Nitin gavale ] but found [Hi Nitin gavale]]]>
            </message>
            <full-stacktrace>
              <![CDATA[java.lang.AssertionError:  Actual and Expected user name are not matched TC is failled  expected [Hi Nitin gavale ] but found [Hi Nitin gavale]
at org.testng.Assert.fail(Assert.java:99)
at org.testng.Assert.failNotEquals(Assert.java:1037)
at org.testng.Assert.assertEqualsImpl(Assert.java:140)
at org.testng.Assert.assertEquals(Assert.java:122)
at org.testng.Assert.assertEquals(Assert.java:629)
at neostoxTEST.Validation.validateUserName(Validation.java:67)
at java.base/jdk.internal.reflect.NativeMethodAccessorImpl.invoke0(Native Method)
at java.base/jdk.internal.reflect.NativeMethodAccessorImpl.invoke(NativeMethodAccessorImpl.java:62)
at java.base/jdk.internal.reflect.DelegatingMethodAccessorImpl.invoke(DelegatingMethodAccessorImpl.java:43)
at java.base/java.lang.reflect.Method.invoke(Method.java:566)
at org.testng.internal.MethodInvocationHelper.invokeMethod(MethodInvocationHelper.java:133)
at org.testng.internal.TestInvoker.invokeMethod(TestInvoker.java:598)
at org.testng.internal.TestInvoker.invokeTestMethod(TestInvoker.java:173)
at org.testng.internal.MethodRunner.runInSequence(MethodRunner.java:46)
at org.testng.internal.TestInvoker$MethodInvocationAgent.invoke(TestInvoker.java:824)
at org.testng.internal.TestInvoker.invokeTestMethods(TestInvoker.java:146)
at org.testng.internal.TestMethodWorker.invokeTestMethods(TestMethodWorker.java:146)
at org.testng.internal.TestMethodWorker.run(TestMethodWorker.java:128)
at java.base/java.util.ArrayList.forEach(ArrayList.java:1541)
at org.testng.TestRunner.privateRun(TestRunner.java:794)
at org.testng.TestRunner.run(TestRunner.java:596)
at org.testng.SuiteRunner.runTest(SuiteRunner.java:377)
at org.testng.SuiteRunner.runSequentially(SuiteRunner.java:371)
at org.testng.SuiteRunner.privateRun(SuiteRunner.java:332)
at org.testng.SuiteRunner.run(SuiteRunner.java:276)
at org.testng.SuiteRunnerWorker.runSuite(SuiteRunnerWorker.java:53)
at org.testng.SuiteRunnerWorker.run(SuiteRunnerWorker.java:96)
at org.testng.TestNG.runSuitesSequentially(TestNG.java:1212)
at org.testng.TestNG.runSuitesLocally(TestNG.java:1134)
at org.testng.TestNG.runSuites(TestNG.java:1063)
at org.testng.TestNG.run(TestNG.java:1031)
at org.testng.remote.AbstractRemoteTestNG.run(AbstractRemoteTestNG.java:115)
at org.testng.remote.RemoteTestNG.initAndRun(RemoteTestNG.java:251)
at org.testng.remote.RemoteTestNG.main(RemoteTestNG.java:77)
]]>
            </full-stacktrace>
          </exception> <!-- java.lang.AssertionError -->
          <reporter-output>
            <line>
              <![CDATA[Waiting for 1000ms]]>
            </line>
            <line>
              <![CDATA[getting actual user name...]]>
            </line>
            <line>
              <![CDATA[Actual user name isHi Nitin gavale]]>
            </line>
            <line>
              <![CDATA[Reading userNamefrom property file...]]>
            </line>
            <line>
              <![CDATA[Test Case  validateUserName Is Failed Please try Again..]]>
            </line>
            <line>
              <![CDATA[taking screenshot ...]]>
            </line>
          </reporter-output>
        </test-method> <!-- validateUserName -->
        <test-method is-config="true" signature="logOut()[pri:0, instance:neostoxTEST.Validation@7bab3f1a]" started-at="2022-12-03T13:06:44 IST" name="logOut" finished-at="2022-12-03T13:06:44 IST" duration-ms="195" status="PASS">
          <reporter-output>
            <line>
              <![CDATA[Waiting for 2000ms]]>
            </line>
            <line>
              <![CDATA[Logging out...]]>
            </line>
          </reporter-output>
        </test-method> <!-- logOut -->
        <test-method is-config="true" signature="closeBrowser()[pri:0, instance:neostoxTEST.Validation@7bab3f1a]" started-at="2022-12-03T13:06:44 IST" name="closeBrowser" finished-at="2022-12-03T13:06:45 IST" duration-ms="1460" status="PASS">
          <reporter-output>
            <line>
              <![CDATA[Closing browser...]]>
            </line>
          </reporter-output>
        </test-method> <!-- closeBrowser -->
      </class> <!-- neostoxTEST.Validation -->
    </test> <!-- Default test -->
  </suite> <!-- Default suite -->
</testng-results>
